<?xml version="1.0" encoding="UTF-8"?>
<testsuite xmlns:xsi="http://www.w3.org/2001/XMLSchema-instance" xsi:noNamespaceSchemaLocation="https://maven.apache.org/surefire/maven-surefire-plugin/xsd/surefire-test-report-3.0.xsd" version="3.0" name="ApdexTest" time="0.072" tests="5" errors="0" skipped="0" failures="0">
  <properties>
[...]
</properties>
  <testcase name="validFairApdex" classname="ApdexTest" time="0.032"/>
  <testcase name="validGoodApdex" classname="ApdexTest" time="0.002"/>
  <testcase name="validBadApdex" classname="ApdexTest" time="0.002"/>
  <testcase name="validPoorApdex" classname="ApdexTest" time="0.001"/>
  <testcase name="validExcellentApdex" classname="ApdexTest" time="0.001"/>
</testsuite>